<?xml version="1.0" encoding="UTF-8"?>
<!-- Generated by org.testng.reporters.JUnitXMLReporter -->
<testsuite ignored="0" hostname="DESKTOP-UD10CJI" failures="2" tests="5" name="TestNew" time="22.133" errors="0" timestamp="2024-07-15T16:08:43 CEST">
  <testcase classname="Test_Main.TC002_AddToCart" name="cart" time="2.052"/>
  <testcase classname="Test_Main.TC002_AddToCart" name="clickCart" time="3.007">
    <failure type="java.lang.NullPointerException" message="Cannot invoke &amp;quot;org.openqa.selenium.SearchContext.findElement(org.openqa.selenium.By)&amp;quot; because &amp;quot;this.searchContext&amp;quot; is null">
      <![CDATA[java.lang.NullPointerException: Cannot invoke "org.openqa.selenium.SearchContext.findElement(org.openqa.selenium.By)" because "this.searchContext" is null
at org.openqa.selenium.support.pagefactory.DefaultElementLocator.findElement(DefaultElementLocator.java:68)
at org.openqa.selenium.support.pagefactory.internal.LocatingElementHandler.invoke(LocatingElementHandler.java:38)
at jdk.proxy2/jdk.proxy2.$Proxy13.click(Unknown Source)
at pageObj_Main.AddtoCart_2.Cart_btn(AddtoCart_2.java:42)
at Test_Main.TC002_AddToCart.clickCart(TC002_AddToCart.java:31)
at java.base/java.util.ArrayList.forEach(ArrayList.java:1511)
... Removed 27 stack frames]]>
    </failure>
  </testcase> <!-- clickCart -->
  <testcase classname="Test_Main.TC002_AddToCart" name="confirm" time="0.004">
    <failure type="java.lang.NullPointerException" message="Cannot invoke &amp;quot;org.openqa.selenium.SearchContext.findElement(org.openqa.selenium.By)&amp;quot; because &amp;quot;this.searchContext&amp;quot; is null">
      <![CDATA[java.lang.NullPointerException: Cannot invoke "org.openqa.selenium.SearchContext.findElement(org.openqa.selenium.By)" because "this.searchContext" is null
at org.openqa.selenium.support.pagefactory.DefaultElementLocator.findElement(DefaultElementLocator.java:68)
at org.openqa.selenium.support.pagefactory.internal.LocatingElementHandler.invoke(LocatingElementHandler.java:38)
at jdk.proxy2/jdk.proxy2.$Proxy13.getText(Unknown Source)
at pageObj_Main.AddtoCart_2.myAccount(AddtoCart_2.java:46)
at Test_Main.TC002_AddToCart.confirm(TC002_AddToCart.java:37)
at java.base/java.util.ArrayList.forEach(ArrayList.java:1511)
... Removed 27 stack frames]]>
    </failure>
  </testcase> <!-- confirm -->
  <testcase classname="Test_Main.TC001_LogIn" name="username" time="2.456"/>
  <testcase classname="Test_Main.TC001_LogIn" name="HomeBtn" time="2.089"/>
</testsuite> <!-- TestNew -->
